<?xml version="1.0" encoding="UTF-8"?>
<!-- Generated by org.testng.reporters.JUnitXMLReporter -->
<testsuite ignored="0" hostname="DESKTOP-JLPQ7D7" failures="0" tests="2" name="Allegro" time="0.135" errors="0" timestamp="2019-09-10T12:58:59 CEST">
  <testcase classname="tests.TestBase" name="@BeforeClass initializeTestBaseSetup" time="-1.568113138999E9">
    <failure type="org.testng.TestNGException" message="
Parameter &amp;apos;browser&amp;apos; is required by BeforeClass on method initializeTestBaseSetup but has not been marked @Optional or defined
in C:\Users\patry\.IdeaIC2019.2\system\temp-testng-customsuite.xml">
      <![CDATA[org.testng.TestNGException: 
Parameter 'browser' is required by BeforeClass on method initializeTestBaseSetup but has not been marked @Optional or defined
in C:\Users\patry\.IdeaIC2019.2\system\temp-testng-customsuite.xml
at java.base/java.util.ArrayList.forEach(ArrayList.java:1540)
... Removed 21 stack frames]]>
    </failure>
  </testcase> <!-- @BeforeClass initializeTestBaseSetup -->
  <testcase classname="tests.TestBase" name="@BeforeMethod startOfMethod" time="0.01">
    <failure type="java.lang.NullPointerException">
      <![CDATA[java.lang.NullPointerException
at utils.ExtentFactory.startTest(ExtentFactory.java:30)
at tests.TestBase.startOfMethod(TestBase.java:85)
at java.base/java.util.ArrayList.forEach(ArrayList.java:1540)
... Removed 30 stack frames]]>
    </failure>
  </testcase> <!-- @BeforeMethod startOfMethod -->
  <testcase classname="tests.TestBase" name="@AfterClass closeDriver" time="0.0">
    <failure type="java.lang.NullPointerException">
      <![CDATA[java.lang.NullPointerException
at tests.TestBase.closeDriver(TestBase.java:80)
at java.base/java.util.ArrayList.forEach(ArrayList.java:1540)
... Removed 24 stack frames]]>
    </failure>
  </testcase> <!-- @AfterClass closeDriver -->
  <testcase classname="tests.mainPage.MojeAllegroTest" name="verifyHomePage" time="0.0">
    <skipped/>
  </testcase> <!-- verifyHomePage -->
  <testcase classname="tests.mainPage.MojeAllegroTest" name="testMojeAllegroOptionsPopUp" time="0.0">
    <skipped/>
  </testcase> <!-- testMojeAllegroOptionsPopUp -->
</testsuite> <!-- Allegro -->
